#
# A fatal error has been detected by the Java Runtime Environment:
#
#  EXCEPTION_ACCESS_VIOLATION (0xc0000005) at pc=0x0000000063a4791a, pid=8568, tid=0x0000000000002ba0
#
# JRE version: Java(TM) SE Runtime Environment (8.0_261-b12) (build 1.8.0_261-b12)
# Java VM: Java HotSpot(TM) 64-Bit Server VM (25.261-b12 mixed mode windows-amd64 compressed oops)
# Problematic frame:
# V  [jvm.dll+0xc791a]
#
# Failed to write core dump. Minidumps are not enabled by default on client versions of Windows
#
# If you would like to submit a bug report, please visit:
#   http://bugreport.java.com/bugreport/crash.jsp
#

---------------  T H R E A D  ---------------

Current thread (0x000002e0490ae800):  GCTaskThread [stack: 0x000000e411500000,0x000000e411600000] [id=11168]

siginfo: ExceptionCode=0xc0000005, reading address 0x0000000003300338

Registers:
RAX=0x0000000000000000, RBX=0x00000000eb29cee4, RCX=0x0000000000000003, RDX=0x00000000ed446120
RSP=0x000000e4115ff228, RBP=0x0038006500610064, RSI=0x00000000ed446120, RDI=0x000002e05df14080
R8 =0x0000000003300330, R9 =0x0000000000000001, R10=0x00000000c0100a02, R11=0x00000000eb29ce68
R12=0x0000000000000000, R13=0x0000000000000000, R14=0x000002e05df14080, R15=0x00000000a1558c00
RIP=0x0000000063a4791a, EFLAGS=0x0000000000010206

Top of Stack: (sp=0x000000e4115ff228)
0x000000e4115ff228:   0000000063d61e8a 00000000eb29cee0
0x000000e4115ff238:   00000000ed4560f0 000000000000000d
0x000000e4115ff248:   0000000063a828ab 00000000eb298010
0x000000e4115ff258:   0000000000001000 00000000e4060c22
0x000000e4115ff268:   00000000eb1d0010 00000000a1558c38
0x000000e4115ff278:   000002e04909bd80 000002e05df14080
0x000000e4115ff288:   0000000063d62d39 00000000eb29cee4
0x000000e4115ff298:   0000000000000011 000000e4115ff300
0x000000e4115ff2a8:   000002e05df14080 000002e05df14080
0x000000e4115ff2b8:   0000000063ad1eea 00000000a13d9954
0x000000e4115ff2c8:   0000000063aa9f02 00000000a13d9965
0x000000e4115ff2d8:   00000000a13d9964 00000000e5ff8ea8
0x000000e4115ff2e8:   0000000063d62298 00000000a1558af8
0x000000e4115ff2f8:   0000000063aa9f02 00000000a1558c38
0x000000e4115ff308:   000002e04909bd80 000002e04909bed0
0x000000e4115ff318:   0000000000000000 000002e05df14080 

Instructions: (pc=0x0000000063a4791a)
0x0000000063a478fa:   d1 45 84 c9 74 16 44 8b 41 08 8b 0d de c3 6a 00
0x0000000063a4790a:   49 d3 e0 4c 03 05 cc c3 6a 00 eb 04 4c 8b 41 08
0x0000000063a4791a:   45 8b 50 08 45 85 d2 7e 0e 41 f6 c2 01 75 51 41
0x0000000063a4792a:   c1 fa 03 41 8b c2 c3 79 47 45 84 c9 b9 0c 00 00 


Register to memory mapping:

RAX=0x0000000000000000 is an unknown value
RBX=0x00000000eb29cee4 is an unknown value
RCX=0x0000000000000003 is an unknown value
RDX=0x00000000ed446120 is an oop

[error occurred during error reporting (printing register info), id 0xc0000005]

Stack: [0x000000e411500000,0x000000e411600000],  sp=0x000000e4115ff228,  free space=1020k
Native frames: (J=compiled Java code, j=interpreted, Vv=VM code, C=native code)
V  [jvm.dll+0xc791a]


---------------  P R O C E S S  ---------------

Java Threads: ( => current thread )
  0x000002e05ff07000 JavaThread "Cache worker for Build Output Cleanup Cache (D:\ruanjian\Android\check\.gradle\buildOutputCleanup)" [_thread_blocked, id=15384, stack(0x000000e413700000,0x000000e413800000)]
  0x000002e05ff0d800 JavaThread "Build operations Thread 8" [_thread_blocked, id=37480, stack(0x000000e413600000,0x000000e413700000)]
  0x000002e05ff0d000 JavaThread "Build operations Thread 7" [_thread_blocked, id=36296, stack(0x000000e413500000,0x000000e413600000)]
  0x000002e05ff05800 JavaThread "Build operations Thread 6" [_thread_blocked, id=27336, stack(0x000000e413400000,0x000000e413500000)]
  0x000002e05ff09000 JavaThread "Build operations Thread 5" [_thread_blocked, id=33980, stack(0x000000e413300000,0x000000e413400000)]
  0x000002e05ff0c000 JavaThread "Build operations Thread 4" [_thread_blocked, id=28056, stack(0x000000e413200000,0x000000e413300000)]
  0x000002e05ff04800 JavaThread "Build operations Thread 3" [_thread_blocked, id=25808, stack(0x000000e413000000,0x000000e413100000)]
  0x000002e05ff0b800 JavaThread "Build operations Thread 2" [_thread_blocked, id=35204, stack(0x000000e412f00000,0x000000e413000000)]
  0x000002e05ff0a800 JavaThread "Build operations" [_thread_blocked, id=20376, stack(0x000000e412e00000,0x000000e412f00000)]
  0x000002e05ff07800 JavaThread "Cache worker for cache directory md-rule (C:\Users\cyt\.gradle\caches\5.4.1\md-rule)" [_thread_blocked, id=15436, stack(0x000000e412a00000,0x000000e412b00000)]
  0x000002e05ff0a000 JavaThread "Cache worker for cache directory md-supplier (C:\Users\cyt\.gradle\caches\5.4.1\md-supplier)" [_thread_blocked, id=18960, stack(0x000000e412900000,0x000000e412a00000)]
  0x000002e05ff08800 JavaThread "Cache worker for file hash cache (D:\ruanjian\Android\check\.gradle\5.4.1\fileHashes)" [_thread_blocked, id=19160, stack(0x000000e412800000,0x000000e412900000)]
  0x000002e05ff01000 JavaThread "Thread-139" [_thread_blocked, id=36972, stack(0x000000e412700000,0x000000e412800000)]
  0x000002e05ff03000 JavaThread "Stdin handler" [_thread_blocked, id=30860, stack(0x000000e412600000,0x000000e412700000)]
  0x000002e05ff02800 JavaThread "Asynchronous log dispatcher for DefaultDaemonConnection: socket connection from /127.0.0.1:59245 to /127.0.0.1:59880" [_thread_blocked, id=32356, stack(0x000000e412500000,0x000000e412600000)]
  0x000002e05ff00000 JavaThread "Daemon worker Thread 3" [_thread_blocked, id=33416, stack(0x000000e412400000,0x000000e412500000)]
  0x000002e05ff04000 JavaThread "Cancel handler" [_thread_blocked, id=35372, stack(0x000000e410c00000,0x000000e410d00000)]
  0x000002e05ff01800 JavaThread "Handler for socket connection from /127.0.0.1:59245 to /127.0.0.1:59880" [_thread_in_native, id=36064, stack(0x000000e410b00000,0x000000e410c00000)]
  0x000002e05feff800 JavaThread "Daemon Thread 3" [_thread_blocked, id=35276, stack(0x000000e410a00000,0x000000e410b00000)]
  0x000002e0602ef000 JavaThread "Memory manager" [_thread_blocked, id=34744, stack(0x000000e413b00000,0x000000e413c00000)]
  0x000002e061914800 JavaThread "Cache worker for execution history cache (C:\Users\cyt\.gradle\caches\5.4.1\executionHistory)" [_thread_blocked, id=37112, stack(0x000000e413100000,0x000000e413200000)]
  0x000002e061912800 JavaThread "Cache worker for journal cache (C:\Users\cyt\.gradle\caches\journal-1)" [_thread_blocked, id=27156, stack(0x000000e412d00000,0x000000e412e00000)]
  0x000002e06190e800 JavaThread "File lock request listener" [_thread_in_native, id=35868, stack(0x000000e412c00000,0x000000e412d00000)]
  0x000002e061911800 JavaThread "Cache worker for file hash cache (C:\Users\cyt\.gradle\caches\5.4.1\fileHashes)" [_thread_blocked, id=24696, stack(0x000000e412b00000,0x000000e412c00000)]
  0x000002e061328800 JavaThread "Daemon periodic checks" [_thread_blocked, id=27644, stack(0x000000e412300000,0x000000e412400000)]
  0x000002e0612cd000 JavaThread "Incoming local TCP Connector on port 59245" [_thread_in_native, id=8560, stack(0x000000e412200000,0x000000e412300000)]
  0x000002e061028800 JavaThread "Daemon health stats" [_thread_blocked, id=24808, stack(0x000000e412100000,0x000000e412200000)]
  0x000002e05fdc4800 JavaThread "Service Thread" daemon [_thread_blocked, id=35616, stack(0x000000e411f00000,0x000000e412000000)]
  0x000002e05dfdc800 JavaThread "C1 CompilerThread3" daemon [_thread_blocked, id=21736, stack(0x000000e411e00000,0x000000e411f00000)]
  0x000002e05dfd5800 JavaThread "C2 CompilerThread2" daemon [_thread_blocked, id=33260, stack(0x000000e411d00000,0x000000e411e00000)]
  0x000002e05dfd1000 JavaThread "C2 CompilerThread1" daemon [_thread_blocked, id=36308, stack(0x000000e411c00000,0x000000e411d00000)]
  0x000002e05dfcf000 JavaThread "C2 CompilerThread0" daemon [_thread_blocked, id=36592, stack(0x000000e411b00000,0x000000e411c00000)]
  0x000002e05df79800 JavaThread "Attach Listener" daemon [_thread_blocked, id=29188, stack(0x000000e411a00000,0x000000e411b00000)]
  0x000002e05df79000 JavaThread "Signal Dispatcher" daemon [_thread_blocked, id=6672, stack(0x000000e411900000,0x000000e411a00000)]
  0x000002e05df44800 JavaThread "Finalizer" daemon [_thread_blocked, id=29388, stack(0x000000e411800000,0x000000e411900000)]
  0x000002e05df3d000 JavaThread "Reference Handler" daemon [_thread_blocked, id=35104, stack(0x000000e411700000,0x000000e411800000)]
  0x000002e04908c000 JavaThread "main" [_thread_blocked, id=18036, stack(0x000000e410d00000,0x000000e410e00000)]

Other Threads:
  0x000002e05df15800 VMThread [stack: 0x000000e411600000,0x000000e411700000] [id=35364]
  0x000002e05fdea000 WatcherThread [stack: 0x000000e412000000,0x000000e412100000] [id=34056]

=>0x000002e0490ae800 (exited) GCTaskThread [stack: 0x000000e411500000,0x000000e411600000] [id=11168]

VM state:at safepoint (normal execution)

VM Mutex/Monitor currently owned by a thread:  ([mutex/lock_event])
[0x000002e049088870] Threads_lock - owner thread: 0x000002e05df15800
[0x000002e04908a980] Heap_lock - owner thread: 0x000002e05ff00000

heap address: 0x00000000a0000000, size: 1536 MB, Compressed Oops mode: 32-bit
Narrow klass base: 0x0000000000000000, Narrow klass shift: 3
Compressed class space size: 1073741824 Address: 0x0000000100000000

Heap:
 PSYoungGen      total 215040K, used 189209K [0x00000000e0000000, 0x00000000ef900000, 0x0000000100000000)
  eden space 175104K, 100% used [0x00000000e0000000,0x00000000eab00000,0x00000000eab00000)
  from space 39936K, 35% used [0x00000000ed100000,0x00000000edec6520,0x00000000ef800000)
  to   space 38912K, 48% used [0x00000000eab00000,0x00000000ebd63110,0x00000000ed100000)
 ParOldGen       total 454144K, used 73832K [0x00000000a0000000, 0x00000000bbb80000, 0x00000000e0000000)
  object space 454144K, 16% used [0x00000000a0000000,0x00000000a481a0b8,0x00000000bbb80000)
 Metaspace       used 101989K, capacity 107525K, committed 107596K, reserved 1142784K
  class space    used 13528K, capacity 14622K, committed 14668K, reserved 1048576K

Card table byte_map: [0x000002e059cc0000,0x000002e059fd0000] byte_map_base: 0x000002e0597c0000

Marking Bits: (ParMarkBitMap*) 0x0000000064174fb0
 Begin Bits: [0x000002e05a1d0000, 0x000002e05b9d0000)
 End Bits:   [0x000002e05b9d0000, 0x000002e05d1d0000)

Polling page: 0x000002e049020000

CodeCache: size=245760Kb used=40880Kb max_used=41840Kb free=204879Kb
 bounds [0x000002e04a900000, 0x000002e04d230000, 0x000002e059900000]
 total_blobs=12991 nmethods=12104 adapters=797
 compilation: enabled

Compilation events (10 events):
Event: 1013.828 Thread 0x000002e05dfdc800 14864       3       com.android.build.gradle.internal.api.artifact.BuildableArtifactImpl::<init> (16 bytes)
Event: 1013.828 Thread 0x000002e05dfdc800 nmethod 14864 0x000002e04bd1d610 code [0x000002e04bd1d780, 0x000002e04bd1da30]
Event: 1013.828 Thread 0x000002e05dfdc800 14865   !   3       com.android.build.gradle.internal.scope.BuildArtifactsHolder::createOutput (70 bytes)
Event: 1013.829 Thread 0x000002e05dfdc800 nmethod 14865 0x000002e04d178c90 code [0x000002e04d178e60, 0x000002e04d1795a0]
Event: 1013.829 Thread 0x000002e05dfdc800 14866       3       org.gradle.api.internal.provider.AbstractCollectionProperty::<init> (47 bytes)
Event: 1013.830 Thread 0x000002e05dfdc800 nmethod 14866 0x000002e04c3b2d90 code [0x000002e04c3b2f80, 0x000002e04c3b39f0]
Event: 1013.830 Thread 0x000002e05dfdc800 14867       3       org.gradle.api.internal.provider.AbstractCollectionProperty::applyDefaultValue (17 bytes)
Event: 1013.830 Thread 0x000002e05dfdc800 nmethod 14867 0x000002e04bd1d190 code [0x000002e04bd1d300, 0x000002e04bd1d550]
Event: 1013.830 Thread 0x000002e05dfdc800 14868       3       org.gradle.api.internal.provider.ValidatingValueCollector::<init> (20 bytes)
Event: 1013.831 Thread 0x000002e05dfdc800 nmethod 14868 0x000002e04c01f190 code [0x000002e04c01f2e0, 0x000002e04c01f4d8]

GC Heap History (10 events):
Event: 123.055 GC heap after
Heap after GC invocations=16 (full 3):
 PSYoungGen      total 178688K, used 20991K [0x00000000e0000000, 0x00000000edd80000, 0x0000000100000000)
  eden space 157696K, 0% used [0x00000000e0000000,0x00000000e0000000,0x00000000e9a00000)
  from space 20992K, 99% used [0x00000000e9a00000,0x00000000eae7fd00,0x00000000eae80000)
  to   space 27648K, 0% used [0x00000000ec280000,0x00000000ec280000,0x00000000edd80000)
 ParOldGen       total 280576K, used 46538K [0x00000000a0000000, 0x00000000b1200000, 0x00000000e0000000)
  object space 280576K, 16% used [0x00000000a0000000,0x00000000a2d729d8,0x00000000b1200000)
 Metaspace       used 83234K, capacity 86970K, committed 87168K, reserved 1124352K
  class space    used 11064K, capacity 11842K, committed 11904K, reserved 1048576K
}
Event: 132.473 GC heap before
{Heap before GC invocations=17 (full 3):
 PSYoungGen      total 178688K, used 178687K [0x00000000e0000000, 0x00000000edd80000, 0x0000000100000000)
  eden space 157696K, 100% used [0x00000000e0000000,0x00000000e9a00000,0x00000000e9a00000)
  from space 20992K, 99% used [0x00000000e9a00000,0x00000000eae7fd00,0x00000000eae80000)
  to   space 27648K, 0% used [0x00000000ec280000,0x00000000ec280000,0x00000000edd80000)
 ParOldGen       total 280576K, used 46538K [0x00000000a0000000, 0x00000000b1200000, 0x00000000e0000000)
  object space 280576K, 16% used [0x00000000a0000000,0x00000000a2d729d8,0x00000000b1200000)
 Metaspace       used 91009K, capacity 95436K, committed 95616K, reserved 1132544K
  class space    used 11984K, capacity 12926K, committed 12928K, reserved 1048576K
Event: 132.492 GC heap after
Heap after GC invocations=17 (full 3):
 PSYoungGen      total 191488K, used 27646K [0x00000000e0000000, 0x00000000eeb00000, 0x0000000100000000)
  eden space 163840K, 0% used [0x00000000e0000000,0x00000000e0000000,0x00000000ea000000)
  from space 27648K, 99% used [0x00000000ec280000,0x00000000edd7f850,0x00000000edd80000)
  to   space 35328K, 0% used [0x00000000ea000000,0x00000000ea000000,0x00000000ec280000)
 ParOldGen       total 280576K, used 57428K [0x00000000a0000000, 0x00000000b1200000, 0x00000000e0000000)
  object space 280576K, 20% used [0x00000000a0000000,0x00000000a38150a0,0x00000000b1200000)
 Metaspace       used 91009K, capacity 95436K, committed 95616K, reserved 1132544K
  class space    used 11984K, capacity 12926K, committed 12928K, reserved 1048576K
}
Event: 161.270 GC heap before
{Heap before GC invocations=18 (full 3):
 PSYoungGen      total 191488K, used 114683K [0x00000000e0000000, 0x00000000eeb00000, 0x0000000100000000)
  eden space 163840K, 53% used [0x00000000e0000000,0x00000000e54ff568,0x00000000ea000000)
  from space 27648K, 99% used [0x00000000ec280000,0x00000000edd7f850,0x00000000edd80000)
  to   space 35328K, 0% used [0x00000000ea000000,0x00000000ea000000,0x00000000ec280000)
 ParOldGen       total 280576K, used 57428K [0x00000000a0000000, 0x00000000b1200000, 0x00000000e0000000)
  object space 280576K, 20% used [0x00000000a0000000,0x00000000a38150a0,0x00000000b1200000)
 Metaspace       used 93075K, capacity 98268K, committed 98380K, reserved 1134592K
  class space    used 12258K, capacity 13331K, committed 13388K, reserved 1048576K
Event: 161.293 GC heap after
Heap after GC invocations=18 (full 3):
 PSYoungGen      total 199168K, used 34694K [0x00000000e0000000, 0x00000000ef800000, 0x0000000100000000)
  eden space 163840K, 0% used [0x00000000e0000000,0x00000000e0000000,0x00000000ea000000)
  from space 35328K, 98% used [0x00000000ea000000,0x00000000ec1e19a8,0x00000000ec280000)
  to   space 39936K, 0% used [0x00000000ed100000,0x00000000ed100000,0x00000000ef800000)
 ParOldGen       total 280576K, used 61809K [0x00000000a0000000, 0x00000000b1200000, 0x00000000e0000000)
  object space 280576K, 22% used [0x00000000a0000000,0x00000000a3c5c610,0x00000000b1200000)
 Metaspace       used 93075K, capacity 98268K, committed 98380K, reserved 1134592K
  class space    used 12258K, capacity 13331K, committed 13388K, reserved 1048576K
}
Event: 161.293 GC heap before
{Heap before GC invocations=19 (full 4):
 PSYoungGen      total 199168K, used 34694K [0x00000000e0000000, 0x00000000ef800000, 0x0000000100000000)
  eden space 163840K, 0% used [0x00000000e0000000,0x00000000e0000000,0x00000000ea000000)
  from space 35328K, 98% used [0x00000000ea000000,0x00000000ec1e19a8,0x00000000ec280000)
  to   space 39936K, 0% used [0x00000000ed100000,0x00000000ed100000,0x00000000ef800000)
 ParOldGen       total 280576K, used 61809K [0x00000000a0000000, 0x00000000b1200000, 0x00000000e0000000)
  object space 280576K, 22% used [0x00000000a0000000,0x00000000a3c5c610,0x00000000b1200000)
 Metaspace       used 93075K, capacity 98268K, committed 98380K, reserved 1134592K
  class space    used 12258K, capacity 13331K, committed 13388K, reserved 1048576K
Event: 161.475 GC heap after
Heap after GC invocations=19 (full 4):
 PSYoungGen      total 199168K, used 0K [0x00000000e0000000, 0x00000000ef800000, 0x0000000100000000)
  eden space 163840K, 0% used [0x00000000e0000000,0x00000000e0000000,0x00000000ea000000)
  from space 35328K, 0% used [0x00000000ea000000,0x00000000ea000000,0x00000000ec280000)
  to   space 39936K, 0% used [0x00000000ed100000,0x00000000ed100000,0x00000000ef800000)
 ParOldGen       total 454144K, used 73816K [0x00000000a0000000, 0x00000000bbb80000, 0x00000000e0000000)
  object space 454144K, 16% used [0x00000000a0000000,0x00000000a48160b8,0x00000000bbb80000)
 Metaspace       used 92820K, capacity 97548K, committed 98380K, reserved 1134592K
  class space    used 12181K, capacity 13159K, committed 13388K, reserved 1048576K
}
Event: 163.343 GC heap before
{Heap before GC invocations=20 (full 4):
 PSYoungGen      total 199168K, used 163840K [0x00000000e0000000, 0x00000000ef800000, 0x0000000100000000)
  eden space 163840K, 100% used [0x00000000e0000000,0x00000000ea000000,0x00000000ea000000)
  from space 35328K, 0% used [0x00000000ea000000,0x00000000ea000000,0x00000000ec280000)
  to   space 39936K, 0% used [0x00000000ed100000,0x00000000ed100000,0x00000000ef800000)
 ParOldGen       total 454144K, used 73816K [0x00000000a0000000, 0x00000000bbb80000, 0x00000000e0000000)
  object space 454144K, 16% used [0x00000000a0000000,0x00000000a48160b8,0x00000000bbb80000)
 Metaspace       used 98396K, capacity 103466K, committed 103756K, reserved 1138688K
  class space    used 13069K, capacity 14082K, committed 14156K, reserved 1048576K
Event: 163.351 GC heap after
Heap after GC invocations=20 (full 4):
 PSYoungGen      total 215040K, used 14105K [0x00000000e0000000, 0x00000000ef900000, 0x0000000100000000)
  eden space 175104K, 0% used [0x00000000e0000000,0x00000000e0000000,0x00000000eab00000)
  from space 39936K, 35% used [0x00000000ed100000,0x00000000edec6520,0x00000000ef800000)
  to   space 38912K, 0% used [0x00000000eab00000,0x00000000eab00000,0x00000000ed100000)
 ParOldGen       total 454144K, used 73824K [0x00000000a0000000, 0x00000000bbb80000, 0x00000000e0000000)
  object space 454144K, 16% used [0x00000000a0000000,0x00000000a48180b8,0x00000000bbb80000)
 Metaspace       used 98396K, capacity 103466K, committed 103756K, reserved 1138688K
  class space    used 13069K, capacity 14082K, committed 14156K, reserved 1048576K
}
Event: 1013.832 GC heap before
{Heap before GC invocations=21 (full 4):
 PSYoungGen      total 215040K, used 189209K [0x00000000e0000000, 0x00000000ef900000, 0x0000000100000000)
  eden space 175104K, 100% used [0x00000000e0000000,0x00000000eab00000,0x00000000eab00000)
  from space 39936K, 35% used [0x00000000ed100000,0x00000000edec6520,0x00000000ef800000)
  to   space 38912K, 0% used [0x00000000eab00000,0x00000000eab00000,0x00000000ed100000)
 ParOldGen       total 454144K, used 73824K [0x00000000a0000000, 0x00000000bbb80000, 0x00000000e0000000)
  object space 454144K, 16% used [0x00000000a0000000,0x00000000a48180b8,0x00000000bbb80000)
 Metaspace       used 101989K, capacity 107525K, committed 107596K, reserved 1142784K
  class space    used 13528K, capacity 14622K, committed 14668K, reserved 1048576K

Deoptimization events (10 events):
Event: 165.014 Thread 0x000002e061915800 Uncommon trap: reason=bimorphic action=maybe_recompile pc=0x000002e04cc3cc28 method=java.io.ObjectInputStream$PeekInputStream.read([BII)I @ 20
Event: 165.014 Thread 0x000002e061915800 Uncommon trap: reason=bimorphic action=maybe_recompile pc=0x000002e04cc3cc28 method=java.io.ObjectInputStream$PeekInputStream.read([BII)I @ 20
Event: 165.014 Thread 0x000002e061915800 Uncommon trap: reason=bimorphic action=maybe_recompile pc=0x000002e04cc3cc28 method=java.io.ObjectInputStream$PeekInputStream.read([BII)I @ 20
Event: 1013.715 Thread 0x000002e05ff00000 Uncommon trap: reason=speculate_class_check action=maybe_recompile pc=0x000002e04d0dda60 method=com.google.common.collect.ImmutableList.listIterator()Lcom/google/common/collect/UnmodifiableListIterator; @ 2
Event: 1013.715 Thread 0x000002e05ff00000 Uncommon trap: reason=bimorphic action=maybe_recompile pc=0x000002e04d0b2aac method=com.google.common.collect.AbstractIndexedListIterator.next()Ljava/lang/Object; @ 27
Event: 1013.715 Thread 0x000002e05ff00000 Uncommon trap: reason=bimorphic action=maybe_recompile pc=0x000002e04d0b2aac method=com.google.common.collect.AbstractIndexedListIterator.next()Ljava/lang/Object; @ 27
Event: 1013.716 Thread 0x000002e05ff00000 Uncommon trap: reason=class_check action=maybe_recompile pc=0x000002e04d0c391c method=com.google.common.base.Suppliers$NonSerializableMemoizingSupplier.<init>(Lcom/google/common/base/Supplier;)V @ 9
Event: 1013.716 Thread 0x000002e05ff00000 Uncommon trap: reason=class_check action=maybe_recompile pc=0x000002e04d0c391c method=com.google.common.base.Suppliers$NonSerializableMemoizingSupplier.<init>(Lcom/google/common/base/Supplier;)V @ 9
Event: 1013.797 Thread 0x000002e05ff00000 Uncommon trap: reason=class_check action=maybe_recompile pc=0x000002e04d0c391c method=com.google.common.base.Suppliers$NonSerializableMemoizingSupplier.<init>(Lcom/google/common/base/Supplier;)V @ 9
Event: 1013.797 Thread 0x000002e05ff00000 Uncommon trap: reason=class_check action=maybe_recompile pc=0x000002e04d0c391c method=com.google.common.base.Suppliers$NonSerializableMemoizingSupplier.<init>(Lcom/google/common/base/Supplier;)V @ 9

Classes redefined (0 events):
No events

Internal exceptions (10 events):
Event: 164.993 Thread 0x000002e0673b4000 Exception <a 'java/lang/NoSuchMethodError': <clinit>> (0x00000000e83f2d88) thrown at [C:\jenkins\workspace\8-2-build-windows-amd64-cygwin\jdk8u261\295\hotspot\src\share\vm\prims\jni.cpp, line 1615]
Event: 165.061 Thread 0x000002e0673b5000 Exception <a 'sun/nio/fs/WindowsException'> (0x00000000e277f6c8) thrown at [C:\jenkins\workspace\8-2-build-windows-amd64-cygwin\jdk8u261\295\hotspot\src\share\vm\prims\jni.cpp, line 710]
Event: 1013.472 Thread 0x000002e05ff01800 Exception <a 'java/lang/NoSuchMethodError': <clinit>> (0x00000000e8f5e930) thrown at [C:\jenkins\workspace\8-2-build-windows-amd64-cygwin\jdk8u261\295\hotspot\src\share\vm\prims\jni.cpp, line 1615]
Event: 1013.520 Thread 0x000002e05ff00000 Exception <a 'java/lang/NoSuchMethodError': <clinit>> (0x00000000e9181e88) thrown at [C:\jenkins\workspace\8-2-build-windows-amd64-cygwin\jdk8u261\295\hotspot\src\share\vm\prims\jni.cpp, line 1615]
Event: 1013.538 Thread 0x000002e05ff00000 Exception <a 'java/lang/NoSuchMethodError': <clinit>> (0x00000000e91cebc8) thrown at [C:\jenkins\workspace\8-2-build-windows-amd64-cygwin\jdk8u261\295\hotspot\src\share\vm\prims\jni.cpp, line 1615]
Event: 1013.556 Thread 0x000002e05ff00000 Exception <a 'java/lang/NoSuchMethodError': <clinit>> (0x00000000e92e91a8) thrown at [C:\jenkins\workspace\8-2-build-windows-amd64-cygwin\jdk8u261\295\hotspot\src\share\vm\prims\jni.cpp, line 1615]
Event: 1013.556 Thread 0x000002e05ff00000 Exception <a 'java/lang/NoSuchMethodError': <clinit>> (0x00000000e92ecf28) thrown at [C:\jenkins\workspace\8-2-build-windows-amd64-cygwin\jdk8u261\295\hotspot\src\share\vm\prims\jni.cpp, line 1615]
Event: 1013.556 Thread 0x000002e05ff00000 Exception <a 'java/lang/NoSuchMethodError': <clinit>> (0x00000000e92ee978) thrown at [C:\jenkins\workspace\8-2-build-windows-amd64-cygwin\jdk8u261\295\hotspot\src\share\vm\prims\jni.cpp, line 1615]
Event: 1013.557 Thread 0x000002e05ff00000 Exception <a 'java/lang/NoSuchMethodError': <clinit>> (0x00000000e92f0090) thrown at [C:\jenkins\workspace\8-2-build-windows-amd64-cygwin\jdk8u261\295\hotspot\src\share\vm\prims\jni.cpp, line 1615]
Event: 1013.557 Thread 0x000002e05ff00000 Exception <a 'java/lang/NoSuchMethodError': <clinit>> (0x00000000e92f1658) thrown at [C:\jenkins\workspace\8-2-build-windows-amd64-cygwin\jdk8u261\295\hotspot\src\share\vm\prims\jni.cpp, line 1615]

Events (10 events):
Event: 1013.797 Thread 0x000002e05ff00000 DEOPT UNPACKING pc=0x000002e04a945843 sp=0x000000e4124fadc8 mode 2
Event: 1013.797 loading class com/android/ide/common/build/SplitOutputMatcher
Event: 1013.797 loading class com/android/ide/common/build/SplitOutputMatcher done
Event: 1013.797 Executing VM operation: RevokeBias
Event: 1013.798 Executing VM operation: RevokeBias done
Event: 1013.799 loading class com/android/build/VariantOutput
Event: 1013.799 loading class com/android/build/VariantOutput done
Event: 1013.799 loading class com/android/build/gradle/internal/scope/ApkData
Event: 1013.799 loading class com/android/build/gradle/internal/scope/ApkData done
Event: 1013.832 Executing VM operation: ParallelGCFailedAllocation


Dynamic libraries:
0x00007ff6e0df0000 - 0x00007ff6e0e37000 	D:\JAVA\jdk1.8.0_261\bin\java.exe
0x00007fffbfec0000 - 0x00007fffc00c9000 	C:\WINDOWS\SYSTEM32\ntdll.dll
0x00007fffbe520000 - 0x00007fffbe5dd000 	C:\WINDOWS\System32\KERNEL32.DLL
0x00007fffbd550000 - 0x00007fffbd8c4000 	C:\WINDOWS\System32\KERNELBASE.dll
0x00007fffbe610000 - 0x00007fffbe6be000 	C:\WINDOWS\System32\ADVAPI32.dll
0x00007fffbe0f0000 - 0x00007fffbe193000 	C:\WINDOWS\System32\msvcrt.dll
0x00007fffbde10000 - 0x00007fffbdeae000 	C:\WINDOWS\System32\sechost.dll
0x00007fffbf780000 - 0x00007fffbf8a0000 	C:\WINDOWS\System32\RPCRT4.dll
0x00007fffbfcd0000 - 0x00007fffbfe7c000 	C:\WINDOWS\System32\USER32.dll
0x00007fffbd8d0000 - 0x00007fffbd8f6000 	C:\WINDOWS\System32\win32u.dll
0x00007fffbe5e0000 - 0x00007fffbe609000 	C:\WINDOWS\System32\GDI32.dll
0x00007fffbd430000 - 0x00007fffbd542000 	C:\WINDOWS\System32\gdi32full.dll
0x00007fffbdae0000 - 0x00007fffbdb7d000 	C:\WINDOWS\System32\msvcp_win.dll
0x00007fffbd9c0000 - 0x00007fffbdad1000 	C:\WINDOWS\System32\ucrtbase.dll
0x00007fff9f800000 - 0x00007fff9faa5000 	C:\WINDOWS\WinSxS\amd64_microsoft.windows.common-controls_6595b64144ccf1df_6.0.22000.120_none_9d947278b86cc467\COMCTL32.dll
0x00007fffbddd0000 - 0x00007fffbde01000 	C:\WINDOWS\System32\IMM32.DLL
0x00007fffb9450000 - 0x00007fffb9465000 	D:\JAVA\jdk1.8.0_261\jre\bin\vcruntime140.dll
0x00007fffb8b30000 - 0x00007fffb8bcb000 	D:\JAVA\jdk1.8.0_261\jre\bin\msvcp140.dll
0x0000000063980000 - 0x00000000641ec000 	D:\JAVA\jdk1.8.0_261\jre\bin\server\jvm.dll
0x00007fffbe0e0000 - 0x00007fffbe0e8000 	C:\WINDOWS\System32\PSAPI.DLL
0x00007fffba960000 - 0x00007fffba969000 	C:\WINDOWS\SYSTEM32\WSOCK32.dll
0x00007fffb0e20000 - 0x00007fffb0e2a000 	C:\WINDOWS\SYSTEM32\VERSION.dll
0x00007fffbfb60000 - 0x00007fffbfbcf000 	C:\WINDOWS\System32\WS2_32.dll
0x00007fffb1b90000 - 0x00007fffb1bc3000 	C:\WINDOWS\SYSTEM32\WINMM.dll
0x00007fffbc5a0000 - 0x00007fffbc5b8000 	C:\WINDOWS\SYSTEM32\kernel.appcore.dll
0x00007fffb9ee0000 - 0x00007fffb9ef0000 	D:\JAVA\jdk1.8.0_261\jre\bin\verify.dll
0x00007fffb9420000 - 0x00007fffb944b000 	D:\JAVA\jdk1.8.0_261\jre\bin\java.dll
0x00007fffb90a0000 - 0x00007fffb90b8000 	D:\JAVA\jdk1.8.0_261\jre\bin\zip.dll
0x00007fffbedb0000 - 0x00007fffbf55f000 	C:\WINDOWS\System32\SHELL32.dll
0x00007fffbb520000 - 0x00007fffbbd88000 	C:\WINDOWS\SYSTEM32\windows.storage.dll
0x00007fffbe1a0000 - 0x00007fffbe518000 	C:\WINDOWS\System32\combase.dll
0x00007fffbb3b0000 - 0x00007fffbb516000 	C:\WINDOWS\SYSTEM32\wintypes.dll
0x00007fffbdeb0000 - 0x00007fffbdf9a000 	C:\WINDOWS\System32\SHCORE.dll
0x00007fffbf650000 - 0x00007fffbf6ad000 	C:\WINDOWS\System32\shlwapi.dll
0x00007fffbd2e0000 - 0x00007fffbd301000 	C:\WINDOWS\SYSTEM32\profapi.dll
0x00007fffb9050000 - 0x00007fffb906c000 	D:\JAVA\jdk1.8.0_261\jre\bin\net.dll
0x00007fffbc9d0000 - 0x00007fffbca37000 	C:\WINDOWS\system32\mswsock.dll
0x00007fffb8f50000 - 0x00007fffb8f63000 	D:\JAVA\jdk1.8.0_261\jre\bin\nio.dll
0x00007fffb9470000 - 0x00007fffb9496000 	C:\Users\cyt\.gradle\native\29\windows-amd64\native-platform.dll
0x00007fffb9dc0000 - 0x00007fffb9dcd000 	D:\JAVA\jdk1.8.0_261\jre\bin\management.dll
0x00007fffbcc10000 - 0x00007fffbcc28000 	C:\WINDOWS\SYSTEM32\CRYPTSP.dll
0x00007fffbc500000 - 0x00007fffbc535000 	C:\WINDOWS\system32\rsaenh.dll
0x00007fffbcac0000 - 0x00007fffbcae9000 	C:\WINDOWS\SYSTEM32\USERENV.dll
0x00007fffbcd90000 - 0x00007fffbcdb7000 	C:\WINDOWS\SYSTEM32\bcrypt.dll
0x00007fffbd3b0000 - 0x00007fffbd42f000 	C:\WINDOWS\System32\bcryptprimitives.dll
0x00007fffbcc30000 - 0x00007fffbcc3c000 	C:\WINDOWS\SYSTEM32\CRYPTBASE.dll
0x00007fffbc0d0000 - 0x00007fffbc0fd000 	C:\WINDOWS\SYSTEM32\IPHLPAPI.DLL
0x00007fffbf6b0000 - 0x00007fffbf6b9000 	C:\WINDOWS\System32\NSI.dll
0x00007fffb1720000 - 0x00007fffb1739000 	C:\WINDOWS\SYSTEM32\dhcpcsvc6.DLL
0x00007fffb1900000 - 0x00007fffb191e000 	C:\WINDOWS\SYSTEM32\dhcpcsvc.DLL
0x00007fffbc140000 - 0x00007fffbc228000 	C:\WINDOWS\SYSTEM32\DNSAPI.dll
0x00007fffb9dd0000 - 0x00007fffb9df4000 	D:\JAVA\jdk1.8.0_261\jre\bin\sunec.dll
0x00007fffafd80000 - 0x00007fffafefb000 	C:\Program Files (x86)\Sangfor\SSL\ClientComponent\SangforTcpX64.dll
0x00007fffbeb30000 - 0x00007fffbecca000 	C:\WINDOWS\System32\ole32.dll
0x00007fffbfa60000 - 0x00007fffbfb36000 	C:\WINDOWS\System32\OLEAUT32.dll
0x00007fffbdcf0000 - 0x00007fffbdd57000 	C:\WINDOWS\System32\WINTRUST.dll
0x00007fffbdb80000 - 0x00007fffbdce2000 	C:\WINDOWS\System32\CRYPT32.dll
0x00007fffbcc70000 - 0x00007fffbcc82000 	C:\WINDOWS\SYSTEM32\MSASN1.dll
0x00007fffb00b0000 - 0x00007fffb00df000 	C:\Program Files (x86)\Sangfor\SSL\ClientComponent\SangforNspX64.dll
0x00007fffb08c0000 - 0x00007fffb08ca000 	C:\Windows\System32\rasadhlp.dll
0x00007fffb0e60000 - 0x00007fffb0ee1000 	C:\WINDOWS\System32\fwpuclnt.dll
0x00007fffba670000 - 0x00007fffba67d000 	D:\JAVA\jdk1.8.0_261\jre\bin\sunmscapi.dll
0x00007fffbcd60000 - 0x00007fffbcd88000 	C:\WINDOWS\SYSTEM32\ncrypt.dll
0x00007fffbcd20000 - 0x00007fffbcd57000 	C:\WINDOWS\SYSTEM32\NTASN1.dll
0x00007fffb6a90000 - 0x00007fffb6cb1000 	C:\WINDOWS\SYSTEM32\dbghelp.dll

VM Arguments:
jvm_args: -Xmx1536m -Dfile.encoding=GBK -Duser.country=CN -Duser.language=zh -Duser.variant 
java_command: org.gradle.launcher.daemon.bootstrap.GradleDaemon 5.4.1
java_class_path (initial): C:\Users\cyt\.gradle\wrapper\dists\gradle-5.4.1-all\3221gyojl5jsh0helicew7rwx\gradle-5.4.1\lib\gradle-launcher-5.4.1.jar
Launcher Type: SUN_STANDARD

Environment Variables:
JAVA_HOME=D:\JAVA\jdk1.8.0_261
CLASSPATH=,;D:\JAVA\jdk1.8.0_261\lib\dt.jar;D:\JAVA\jdk1.8.0_261\lib\tools.jar
PATH=D:\JAVA\jdk1.8.0_261\bin;D:\JAVA\jdk1.8.0_261\jre\bin;D:\JAVA\bin;D:\Ruan Jian\JAVA\bin;C:\Program Files (x86)\Common Files\Oracle\Java\javapath;C:\Users\cyt\AppData\Local\Programs\Python\Python38\Scripts\;C:\Users\cyt\AppData\Local\Programs\Python\Python38\;D:\新建文件夹 (2)\Scripts\;D:\新;文件夹 (2)\;D:;python;D:\新建文件夹\CTEX\MiKTeX\miktex\bin\;D:\J;D:\C\CodeBlocks\MinGW\bin;D:\Ruan Jian\git\Git\cmd;D:\Ruan Jian\git\Git\cmd\git.exe;C:\WINDOWS\system32;C:\WINDOWS;C:\WINDOWS\System32\Wbem;C:\WINDOWS\System32\WindowsPowerShell\v1.0\;C:\WINDOWS\System32\OpenSSH\;D:\Ruan Jian\PuTTY\;D:\Ruan Jian\tomcat\tomcat2;D:\Ruan Jian\tomcat\Tomcat;\bin;D:\ruanjian\python;D:\ruanjian\qt\5.14.2\mingw73_64\bin;D:\Ruan Jian\intllij 2019.3.4 crack\IntelliJ IDEA 2019.3.4\plugins\maven\lib\maven3\bin\;C:\Program Files\dotnet\;C:\Program Files (x86)\dotnet\;D:\ruanjian\Android\Sdk\tools;D:\ruanjian\Android\Sdk\platform-tools;D:\ruanjian\python\Scripts\;D:\ruanjian\python\;C:\Users\cyt\AppData\Local\Programs\Python\Python37\Scripts\;C:\Users\cyt\AppData\Local\Programs\Python\Python37\;D:\Ruan Jian\python\python\Scripts\;D:\Ruan Jian\python\python\;D:\python\Scripts\;D:\python\;D:\python;C:\Users\cyt\OneDrive\桌面\新建文件夹\CTEX\UserData\miktex;D:\新建文件夹\CTEX\MiKTeX\miktex\bin;D:\Ruan Jian\intllij 2019.3.4 crack\IntelliJ IDEA 2019.3.4\bin;;D:\Ruan Jian\VScode\Microsoft VS Code\bin;C:\Users\cyt\AppData\Local\Microsoft\WindowsApps;D:\Ruan Jian\pycharm\PyCharm Community Edition 2021.1.1\bin;;D:\ruanjian\WS\Webstrom\WebStorm 2019.3.3\bin;;D:\ruanjian\pycharm\PyCharm 2019.3.3\bin;;C:\Users\cyt\.dotnet\tools;
USERNAME=cyt
OS=Windows_NT
PROCESSOR_IDENTIFIER=Intel64 Family 6 Model 126 Stepping 5, GenuineIntel



---------------  S Y S T E M  ---------------

OS: Windows 10.0 , 64 bit Build 22000 (10.0.22000.613)

CPU:total 8 (initial active 8) (4 cores per cpu, 2 threads per core) family 6 model 126 stepping 5, cmov, cx8, fxsr, mmx, sse, sse2, sse3, ssse3, sse4.1, sse4.2, popcnt, avx, avx2, aes, clmul, erms, 3dnowpref, lzcnt, ht, tsc, tscinvbit, bmi1, bmi2, adx

Memory: 4k page, physical 16540600k(7634712k free), swap 19030968k(6314460k free)

vm_info: Java HotSpot(TM) 64-Bit Server VM (25.261-b12) for windows-amd64 JRE (1.8.0_261-b12), built on Jun 18 2020 06:56:32 by "" with unknown MS VC++:1916

time: Sat Apr 30 20:22:53 2022
timezone: 中国标准时间
elapsed time: 1013 seconds (0d 0h 16m 53s)

